0 info it worked if it ends with ok
1 verbose cli [ 'C:\\Program Files\\nodejs\\node.exe',
1 verbose cli   'C:\\Program Files\\nodejs\\node_modules\\npm\\bin\\npm-cli.js',
1 verbose cli   'install',
1 verbose cli   'axios' ]
2 info using npm@3.10.10
3 info using node@v6.10.0
4 silly loadCurrentTree Starting
5 silly install loadCurrentTree
6 silly install readLocalPackageData
7 silly fetchPackageMetaData axios
8 silly fetchNamedPackageData axios
9 silly mapToRegistry name axios
10 silly mapToRegistry using default registry
11 silly mapToRegistry registry https://registry.npmjs.org/
12 silly mapToRegistry data Result {
12 silly mapToRegistry   raw: 'axios',
12 silly mapToRegistry   scope: null,
12 silly mapToRegistry   escapedName: 'axios',
12 silly mapToRegistry   name: 'axios',
12 silly mapToRegistry   rawSpec: '',
12 silly mapToRegistry   spec: 'latest',
12 silly mapToRegistry   type: 'tag' }
13 silly mapToRegistry uri https://registry.npmjs.org/axios
14 verbose request uri https://registry.npmjs.org/axios
15 verbose request no auth needed
16 info attempt registry request try #1 at 12:15:08 PM
17 verbose request id 37570ae667152f7a
18 verbose etag W/"58d257f6-14568"
19 verbose lastModified Wed, 22 Mar 2017 10:54:46 GMT
20 http request GET https://registry.npmjs.org/axios
21 http 304 https://registry.npmjs.org/axios
22 verbose headers { date: 'Fri, 24 Mar 2017 19:15:10 GMT',
22 verbose headers   via: '1.1 varnish',
22 verbose headers   'cache-control': 'max-age=300',
22 verbose headers   etag: 'W/"58d257f6-14568"',
22 verbose headers   age: '95',
22 verbose headers   connection: 'keep-alive',
22 verbose headers   'x-served-by': 'cache-sea1026-SEA',
22 verbose headers   'x-cache': 'HIT',
22 verbose headers   'x-cache-hits': '2',
22 verbose headers   'x-timer': 'S1490382910.013111,VS0,VE0',
22 verbose headers   vary: 'Accept-Encoding' }
23 silly get cb [ 304,
23 silly get   { date: 'Fri, 24 Mar 2017 19:15:10 GMT',
23 silly get     via: '1.1 varnish',
23 silly get     'cache-control': 'max-age=300',
23 silly get     etag: 'W/"58d257f6-14568"',
23 silly get     age: '95',
23 silly get     connection: 'keep-alive',
23 silly get     'x-served-by': 'cache-sea1026-SEA',
23 silly get     'x-cache': 'HIT',
23 silly get     'x-cache-hits': '2',
23 silly get     'x-timer': 'S1490382910.013111,VS0,VE0',
23 silly get     vary: 'Accept-Encoding' } ]
24 verbose etag https://registry.npmjs.org/axios from cache
25 verbose get saving axios to C:\Users\Warren\AppData\Roaming\npm-cache\registry.npmjs.org\axios\.cache.json
26 verbose correctMkdir C:\Users\Warren\AppData\Roaming\npm-cache correctMkdir not in flight; initializing
27 silly install normalizeTree
28 silly loadCurrentTree Finishing
29 silly loadIdealTree Starting
30 silly install loadIdealTree
31 silly cloneCurrentTree Starting
32 silly install cloneCurrentTreeToIdealTree
33 silly cloneCurrentTree Finishing
34 silly loadShrinkwrap Starting
35 silly install loadShrinkwrap
36 silly loadShrinkwrap Finishing
37 silly loadAllDepsIntoIdealTree Starting
38 silly install loadAllDepsIntoIdealTree
39 silly resolveWithNewModule axios@0.15.3 checking installable status
40 silly cache add args [ 'axios', null ]
41 verbose cache add spec axios
42 silly cache add parsed spec Result {
42 silly cache add   raw: 'axios',
42 silly cache add   scope: null,
42 silly cache add   escapedName: 'axios',
42 silly cache add   name: 'axios',
42 silly cache add   rawSpec: '',
42 silly cache add   spec: 'latest',
42 silly cache add   type: 'tag' }
43 silly addNamed axios@latest
44 verbose addNamed "latest" is being treated as a dist-tag for axios
45 info addNameTag [ 'axios', 'latest' ]
46 silly mapToRegistry name axios
47 silly mapToRegistry using default registry
48 silly mapToRegistry registry https://registry.npmjs.org/
49 silly mapToRegistry data Result {
49 silly mapToRegistry   raw: 'axios',
49 silly mapToRegistry   scope: null,
49 silly mapToRegistry   escapedName: 'axios',
49 silly mapToRegistry   name: 'axios',
49 silly mapToRegistry   rawSpec: '',
49 silly mapToRegistry   spec: 'latest',
49 silly mapToRegistry   type: 'tag' }
50 silly mapToRegistry uri https://registry.npmjs.org/axios
51 verbose addNameTag registry:https://registry.npmjs.org/axios not in flight; fetching
52 verbose get https://registry.npmjs.org/axios not expired, no request
53 silly addNameTag next cb for axios with tag latest
54 silly addNamed axios@0.15.3
55 verbose addNamed "0.15.3" is a plain semver version for axios
56 silly cache afterAdd axios@0.15.3
57 verbose afterAdd C:\Users\Warren\AppData\Roaming\npm-cache\axios\0.15.3\package\package.json not in flight; writing
58 verbose correctMkdir C:\Users\Warren\AppData\Roaming\npm-cache correctMkdir not in flight; initializing
59 verbose afterAdd C:\Users\Warren\AppData\Roaming\npm-cache\axios\0.15.3\package\package.json written
60 silly fetchNamedPackageData follow-redirects
61 silly mapToRegistry name follow-redirects
62 silly mapToRegistry using default registry
63 silly mapToRegistry registry https://registry.npmjs.org/
64 silly mapToRegistry data Result {
64 silly mapToRegistry   raw: 'follow-redirects',
64 silly mapToRegistry   scope: null,
64 silly mapToRegistry   escapedName: 'follow-redirects',
64 silly mapToRegistry   name: 'follow-redirects',
64 silly mapToRegistry   rawSpec: '',
64 silly mapToRegistry   spec: 'latest',
64 silly mapToRegistry   type: 'tag' }
65 silly mapToRegistry uri https://registry.npmjs.org/follow-redirects
66 verbose request uri https://registry.npmjs.org/follow-redirects
67 verbose request no auth needed
68 info attempt registry request try #1 at 12:15:08 PM
69 verbose etag W/"58c2d98a-7e0b"
70 verbose lastModified Fri, 10 Mar 2017 16:51:22 GMT
71 http request GET https://registry.npmjs.org/follow-redirects
72 http 304 https://registry.npmjs.org/follow-redirects
73 verbose headers { date: 'Fri, 24 Mar 2017 19:15:10 GMT',
73 verbose headers   via: '1.1 varnish',
73 verbose headers   'cache-control': 'max-age=300',
73 verbose headers   etag: 'W/"58c2d98a-7e0b"',
73 verbose headers   age: '190',
73 verbose headers   connection: 'keep-alive',
73 verbose headers   'x-served-by': 'cache-sea1026-SEA',
73 verbose headers   'x-cache': 'HIT',
73 verbose headers   'x-cache-hits': '1',
73 verbose headers   'x-timer': 'S1490382910.323625,VS0,VE0',
73 verbose headers   vary: 'Accept-Encoding' }
74 silly get cb [ 304,
74 silly get   { date: 'Fri, 24 Mar 2017 19:15:10 GMT',
74 silly get     via: '1.1 varnish',
74 silly get     'cache-control': 'max-age=300',
74 silly get     etag: 'W/"58c2d98a-7e0b"',
74 silly get     age: '190',
74 silly get     connection: 'keep-alive',
74 silly get     'x-served-by': 'cache-sea1026-SEA',
74 silly get     'x-cache': 'HIT',
74 silly get     'x-cache-hits': '1',
74 silly get     'x-timer': 'S1490382910.323625,VS0,VE0',
74 silly get     vary: 'Accept-Encoding' } ]
75 verbose etag https://registry.npmjs.org/follow-redirects from cache
76 verbose get saving follow-redirects to C:\Users\Warren\AppData\Roaming\npm-cache\registry.npmjs.org\follow-redirects\.cache.json
77 verbose correctMkdir C:\Users\Warren\AppData\Roaming\npm-cache correctMkdir not in flight; initializing
78 silly resolveWithNewModule follow-redirects@1.0.0 checking installable status
79 silly cache add args [ 'follow-redirects@1.0.0', null ]
80 verbose cache add spec follow-redirects@1.0.0
81 silly cache add parsed spec Result {
81 silly cache add   raw: 'follow-redirects@1.0.0',
81 silly cache add   scope: null,
81 silly cache add   escapedName: 'follow-redirects',
81 silly cache add   name: 'follow-redirects',
81 silly cache add   rawSpec: '1.0.0',
81 silly cache add   spec: '1.0.0',
81 silly cache add   type: 'version' }
82 silly addNamed follow-redirects@1.0.0
83 verbose addNamed "1.0.0" is a plain semver version for follow-redirects
84 silly mapToRegistry name follow-redirects
85 silly mapToRegistry using default registry
86 silly mapToRegistry registry https://registry.npmjs.org/
87 silly mapToRegistry data Result {
87 silly mapToRegistry   raw: 'follow-redirects',
87 silly mapToRegistry   scope: null,
87 silly mapToRegistry   escapedName: 'follow-redirects',
87 silly mapToRegistry   name: 'follow-redirects',
87 silly mapToRegistry   rawSpec: '',
87 silly mapToRegistry   spec: 'latest',
87 silly mapToRegistry   type: 'tag' }
88 silly mapToRegistry uri https://registry.npmjs.org/follow-redirects
89 verbose addNameVersion registry:https://registry.npmjs.org/follow-redirects not in flight; fetching
90 verbose get https://registry.npmjs.org/follow-redirects not expired, no request
91 silly cache afterAdd follow-redirects@1.0.0
92 verbose afterAdd C:\Users\Warren\AppData\Roaming\npm-cache\follow-redirects\1.0.0\package\package.json not in flight; writing
93 verbose correctMkdir C:\Users\Warren\AppData\Roaming\npm-cache correctMkdir not in flight; initializing
94 verbose afterAdd C:\Users\Warren\AppData\Roaming\npm-cache\follow-redirects\1.0.0\package\package.json written
95 silly fetchNamedPackageData fsevents
96 silly mapToRegistry name fsevents
97 silly mapToRegistry using default registry
98 silly mapToRegistry registry https://registry.npmjs.org/
99 silly mapToRegistry data Result {
99 silly mapToRegistry   raw: 'fsevents',
99 silly mapToRegistry   scope: null,
99 silly mapToRegistry   escapedName: 'fsevents',
99 silly mapToRegistry   name: 'fsevents',
99 silly mapToRegistry   rawSpec: '',
99 silly mapToRegistry   spec: 'latest',
99 silly mapToRegistry   type: 'tag' }
100 silly mapToRegistry uri https://registry.npmjs.org/fsevents
101 verbose request uri https://registry.npmjs.org/fsevents
102 verbose request no auth needed
103 info attempt registry request try #1 at 12:15:08 PM
104 verbose etag W/"58cbe1d5-d5e6"
105 verbose lastModified Fri, 17 Mar 2017 13:17:09 GMT
106 http request GET https://registry.npmjs.org/fsevents
107 http 304 https://registry.npmjs.org/fsevents
108 verbose headers { date: 'Fri, 24 Mar 2017 19:15:10 GMT',
108 verbose headers   via: '1.1 varnish',
108 verbose headers   'cache-control': 'max-age=300',
108 verbose headers   etag: 'W/"58cbe1d5-d5e6"',
108 verbose headers   age: '297',
108 verbose headers   connection: 'keep-alive',
108 verbose headers   'x-served-by': 'cache-sea1026-SEA',
108 verbose headers   'x-cache': 'HIT',
108 verbose headers   'x-cache-hits': '12',
108 verbose headers   'x-timer': 'S1490382910.577893,VS0,VE0',
108 verbose headers   vary: 'Accept-Encoding' }
109 silly get cb [ 304,
109 silly get   { date: 'Fri, 24 Mar 2017 19:15:10 GMT',
109 silly get     via: '1.1 varnish',
109 silly get     'cache-control': 'max-age=300',
109 silly get     etag: 'W/"58cbe1d5-d5e6"',
109 silly get     age: '297',
109 silly get     connection: 'keep-alive',
109 silly get     'x-served-by': 'cache-sea1026-SEA',
109 silly get     'x-cache': 'HIT',
109 silly get     'x-cache-hits': '12',
109 silly get     'x-timer': 'S1490382910.577893,VS0,VE0',
109 silly get     vary: 'Accept-Encoding' } ]
110 verbose etag https://registry.npmjs.org/fsevents from cache
111 verbose get saving fsevents to C:\Users\Warren\AppData\Roaming\npm-cache\registry.npmjs.org\fsevents\.cache.json
112 verbose correctMkdir C:\Users\Warren\AppData\Roaming\npm-cache correctMkdir not in flight; initializing
113 silly resolveWithNewModule fsevents@1.1.1 checking installable status
114 silly loadAllDepsIntoIdealTree Finishing
115 silly loadIdealTree Finishing
116 silly currentTree boilerplate@1.0.0
116 silly currentTree +-- accepts@1.3.3
116 silly currentTree +-- acorn@4.0.11
116 silly currentTree +-- align-text@0.1.4
116 silly currentTree +-- amdefine@1.0.1
116 silly currentTree +-- ansi-regex@2.1.1
116 silly currentTree +-- ansi-styles@2.2.1
116 silly currentTree +-- anymatch@1.3.0
116 silly currentTree +-- arr-diff@2.0.0
116 silly currentTree +-- arr-flatten@1.0.1
116 silly currentTree +-- array-flatten@1.1.1
116 silly currentTree +-- array-unique@0.2.1
116 silly currentTree +-- arrify@1.0.1
116 silly currentTree +-- asap@2.0.5
116 silly currentTree +-- assert@1.4.1
116 silly currentTree +-- ast-types@0.9.6
116 silly currentTree +-- async-each@1.0.1
116 silly currentTree +-- async@1.5.2
116 silly currentTree +-- babel-code-frame@6.22.0
116 silly currentTree +-- babel-core@6.24.0
116 silly currentTree | `-- source-map@0.5.6
116 silly currentTree +-- babel-generator@6.24.0
116 silly currentTree | `-- source-map@0.5.6
116 silly currentTree +-- babel-helper-bindify-decorators@6.22.0
116 silly currentTree +-- babel-helper-builder-binary-assignment-operator-visitor@6.22.0
116 silly currentTree +-- babel-helper-builder-react-jsx@6.23.0
116 silly currentTree +-- babel-helper-call-delegate@6.22.0
116 silly currentTree +-- babel-helper-define-map@6.23.0
116 silly currentTree +-- babel-helper-explode-assignable-expression@6.22.0
116 silly currentTree +-- babel-helper-explode-class@6.22.0
116 silly currentTree +-- babel-helper-function-name@6.23.0
116 silly currentTree +-- babel-helper-get-function-arity@6.22.0
116 silly currentTree +-- babel-helper-hoist-variables@6.22.0
116 silly currentTree +-- babel-helper-optimise-call-expression@6.23.0
116 silly currentTree +-- babel-helper-regex@6.22.0
116 silly currentTree +-- babel-helper-remap-async-to-generator@6.22.0
116 silly currentTree +-- babel-helper-replace-supers@6.23.0
116 silly currentTree +-- babel-helpers@6.23.0
116 silly currentTree +-- babel-loader@6.4.1
116 silly currentTree | `-- object-assign@4.1.1
116 silly currentTree +-- babel-messages@6.23.0
116 silly currentTree +-- babel-plugin-check-es2015-constants@6.22.0
116 silly currentTree +-- babel-plugin-syntax-async-functions@6.13.0
116 silly currentTree +-- babel-plugin-syntax-async-generators@6.13.0
116 silly currentTree +-- babel-plugin-syntax-class-constructor-call@6.18.0
116 silly currentTree +-- babel-plugin-syntax-class-properties@6.13.0
116 silly currentTree +-- babel-plugin-syntax-decorators@6.13.0
116 silly currentTree +-- babel-plugin-syntax-do-expressions@6.13.0
116 silly currentTree +-- babel-plugin-syntax-dynamic-import@6.18.0
116 silly currentTree +-- babel-plugin-syntax-exponentiation-operator@6.13.0
116 silly currentTree +-- babel-plugin-syntax-export-extensions@6.13.0
116 silly currentTree +-- babel-plugin-syntax-flow@6.18.0
116 silly currentTree +-- babel-plugin-syntax-function-bind@6.13.0
116 silly currentTree +-- babel-plugin-syntax-jsx@6.18.0
116 silly currentTree +-- babel-plugin-syntax-object-rest-spread@6.13.0
116 silly currentTree +-- babel-plugin-syntax-trailing-function-commas@6.22.0
116 silly currentTree +-- babel-plugin-transform-async-generator-functions@6.22.0
116 silly currentTree +-- babel-plugin-transform-async-to-generator@6.22.0
116 silly currentTree +-- babel-plugin-transform-class-constructor-call@6.22.0
116 silly currentTree +-- babel-plugin-transform-class-properties@6.23.0
116 silly currentTree +-- babel-plugin-transform-decorators@6.22.0
116 silly currentTree +-- babel-plugin-transform-do-expressions@6.22.0
116 silly currentTree +-- babel-plugin-transform-es2015-arrow-functions@6.22.0
116 silly currentTree +-- babel-plugin-transform-es2015-block-scoped-functions@6.22.0
116 silly currentTree +-- babel-plugin-transform-es2015-block-scoping@6.23.0
116 silly currentTree +-- babel-plugin-transform-es2015-classes@6.23.0
116 silly currentTree +-- babel-plugin-transform-es2015-computed-properties@6.22.0
116 silly currentTree +-- babel-plugin-transform-es2015-destructuring@6.23.0
116 silly currentTree +-- babel-plugin-transform-es2015-duplicate-keys@6.22.0
116 silly currentTree +-- babel-plugin-transform-es2015-for-of@6.23.0
116 silly currentTree +-- babel-plugin-transform-es2015-function-name@6.22.0
116 silly currentTree +-- babel-plugin-transform-es2015-literals@6.22.0
116 silly currentTree +-- babel-plugin-transform-es2015-modules-amd@6.24.0
116 silly currentTree +-- babel-plugin-transform-es2015-modules-commonjs@6.24.0
116 silly currentTree +-- babel-plugin-transform-es2015-modules-systemjs@6.23.0
116 silly currentTree +-- babel-plugin-transform-es2015-modules-umd@6.24.0
116 silly currentTree +-- babel-plugin-transform-es2015-object-super@6.22.0
116 silly currentTree +-- babel-plugin-transform-es2015-parameters@6.23.0
116 silly currentTree +-- babel-plugin-transform-es2015-shorthand-properties@6.22.0
116 silly currentTree +-- babel-plugin-transform-es2015-spread@6.22.0
116 silly currentTree +-- babel-plugin-transform-es2015-sticky-regex@6.22.0
116 silly currentTree +-- babel-plugin-transform-es2015-template-literals@6.22.0
116 silly currentTree +-- babel-plugin-transform-es2015-typeof-symbol@6.23.0
116 silly currentTree +-- babel-plugin-transform-es2015-unicode-regex@6.22.0
116 silly currentTree +-- babel-plugin-transform-exponentiation-operator@6.22.0
116 silly currentTree +-- babel-plugin-transform-export-extensions@6.22.0
116 silly currentTree +-- babel-plugin-transform-flow-strip-types@6.22.0
116 silly currentTree +-- babel-plugin-transform-function-bind@6.22.0
116 silly currentTree +-- babel-plugin-transform-object-rest-spread@6.23.0
116 silly currentTree +-- babel-plugin-transform-react-display-name@6.23.0
116 silly currentTree +-- babel-plugin-transform-react-jsx-self@6.22.0
116 silly currentTree +-- babel-plugin-transform-react-jsx-source@6.22.0
116 silly currentTree +-- babel-plugin-transform-react-jsx@6.23.0
116 silly currentTree +-- babel-plugin-transform-regenerator@6.22.0
116 silly currentTree +-- babel-plugin-transform-strict-mode@6.22.0
116 silly currentTree +-- babel-preset-es2015@6.24.0
116 silly currentTree +-- babel-preset-flow@6.23.0
116 silly currentTree +-- babel-preset-react@6.23.0
116 silly currentTree +-- babel-preset-stage-0@6.22.0
116 silly currentTree +-- babel-preset-stage-1@6.22.0
116 silly currentTree +-- babel-preset-stage-2@6.22.0
116 silly currentTree +-- babel-preset-stage-3@6.22.0
116 silly currentTree +-- babel-register@6.24.0
116 silly currentTree | `-- core-js@2.4.1
116 silly currentTree +-- babel-runtime@6.23.0
116 silly currentTree | `-- core-js@2.4.1
116 silly currentTree +-- babel-template@6.23.0
116 silly currentTree +-- babel-traverse@6.23.1
116 silly currentTree +-- babel-types@6.23.0
116 silly currentTree +-- babylon@6.16.1
116 silly currentTree +-- balanced-match@0.4.2
116 silly currentTree +-- base62@1.1.2
116 silly currentTree +-- base64-js@1.2.0
116 silly currentTree +-- big.js@3.1.3
116 silly currentTree +-- binary-extensions@1.8.0
116 silly currentTree +-- brace-expansion@1.1.6
116 silly currentTree +-- braces@1.8.5
116 silly currentTree +-- browserify-aes@0.4.0
116 silly currentTree +-- browserify-zlib@0.1.4
116 silly currentTree +-- buffer-shims@1.0.0
116 silly currentTree +-- buffer@4.9.1
116 silly currentTree +-- builtin-status-codes@3.0.0
116 silly currentTree +-- camelcase@1.2.1
116 silly currentTree +-- center-align@0.1.3
116 silly currentTree +-- chalk@1.1.3
116 silly currentTree +-- chokidar@1.6.1
116 silly currentTree +-- cliui@2.1.0
116 silly currentTree | `-- wordwrap@0.0.2
116 silly currentTree +-- clone@1.0.2
116 silly currentTree +-- commander@2.9.0
116 silly currentTree +-- commondir@1.0.1
116 silly currentTree +-- commoner@0.10.8
116 silly currentTree +-- concat-map@0.0.1
116 silly currentTree +-- console-browserify@1.1.0
116 silly currentTree +-- constants-browserify@1.0.0
116 silly currentTree +-- content-disposition@0.5.2
116 silly currentTree +-- content-type@1.0.2
116 silly currentTree +-- convert-source-map@1.4.0
116 silly currentTree +-- cookie-signature@1.0.6
116 silly currentTree +-- cookie@0.3.1
116 silly currentTree +-- core-js@1.2.7
116 silly currentTree +-- core-util-is@1.0.2
116 silly currentTree +-- crypto-browserify@3.3.0
116 silly currentTree +-- date-now@0.1.4
116 silly currentTree +-- debug@2.6.1
116 silly currentTree +-- decamelize@1.2.0
116 silly currentTree +-- deep-equal@1.0.1
116 silly currentTree +-- defined@1.0.0
116 silly currentTree +-- depd@1.1.0
116 silly currentTree +-- destroy@1.0.4
116 silly currentTree +-- detect-indent@4.0.0
116 silly currentTree +-- detective@4.5.0
116 silly currentTree +-- domain-browser@1.1.7
116 silly currentTree +-- ee-first@1.1.1
116 silly currentTree +-- emojis-list@2.1.0
116 silly currentTree +-- encodeurl@1.0.1
116 silly currentTree +-- enhanced-resolve@0.9.1
116 silly currentTree | `-- memory-fs@0.2.0
116 silly currentTree +-- envify@3.4.1
116 silly currentTree +-- errno@0.1.4
116 silly currentTree +-- escape-html@1.0.3
116 silly currentTree +-- escape-string-regexp@1.0.5
116 silly currentTree +-- esprima-fb@15001.1.0-dev-harmony-fb
116 silly currentTree +-- esutils@2.0.2
116 silly currentTree +-- etag@1.8.0
116 silly currentTree +-- events@1.1.1
116 silly currentTree +-- expand-brackets@0.1.5
116 silly currentTree +-- expand-range@1.8.2
116 silly currentTree +-- express@4.15.2
116 silly currentTree +-- extglob@0.3.2
116 silly currentTree +-- fbjs@0.6.1
116 silly currentTree +-- filename-regex@2.0.0
116 silly currentTree +-- fill-range@2.2.3
116 silly currentTree +-- finalhandler@1.0.1
116 silly currentTree | `-- debug@2.6.3
116 silly currentTree +-- find-cache-dir@0.1.1
116 silly currentTree +-- find-up@1.1.2
116 silly currentTree +-- for-in@1.0.2
116 silly currentTree +-- for-own@0.1.5
116 silly currentTree +-- forwarded@0.1.0
116 silly currentTree +-- fresh@0.5.0
116 silly currentTree +-- glob-base@0.3.0
116 silly currentTree +-- glob-parent@2.0.0
116 silly currentTree +-- glob@5.0.15
116 silly currentTree +-- globals@9.16.0
116 silly currentTree +-- graceful-fs@4.1.11
116 silly currentTree +-- graceful-readlink@1.0.1
116 silly currentTree +-- has-ansi@2.0.0
116 silly currentTree +-- has-flag@1.0.0
116 silly currentTree +-- history@2.1.2
116 silly currentTree +-- home-or-tmp@2.0.0
116 silly currentTree +-- http-errors@1.6.1
116 silly currentTree +-- https-browserify@0.0.1
116 silly currentTree +-- iconv-lite@0.4.15
116 silly currentTree +-- ieee754@1.1.8
116 silly currentTree +-- indexof@0.0.1
116 silly currentTree +-- inflight@1.0.6
116 silly currentTree +-- inherits@2.0.3
116 silly currentTree +-- interpret@0.6.6
116 silly currentTree +-- invariant@2.2.2
116 silly currentTree +-- ipaddr.js@1.2.0
116 silly currentTree +-- is-binary-path@1.0.1
116 silly currentTree +-- is-buffer@1.1.5
116 silly currentTree +-- is-dotfile@1.0.2
116 silly currentTree +-- is-equal-shallow@0.1.3
116 silly currentTree +-- is-extendable@0.1.1
116 silly currentTree +-- is-extglob@1.0.0
116 silly currentTree +-- is-finite@1.0.2
116 silly currentTree +-- is-glob@2.0.1
116 silly currentTree +-- is-number@2.1.0
116 silly currentTree +-- is-posix-bracket@0.1.1
116 silly currentTree +-- is-primitive@2.0.0
116 silly currentTree +-- isarray@1.0.0
116 silly currentTree +-- isobject@2.1.0
116 silly currentTree +-- js-tokens@3.0.1
116 silly currentTree +-- jsesc@1.3.0
116 silly currentTree +-- json5@0.5.1
116 silly currentTree +-- jstransform@11.0.3
116 silly currentTree +-- kind-of@3.1.0
116 silly currentTree +-- lazy-cache@1.0.4
116 silly currentTree +-- loader-utils@0.2.17
116 silly currentTree | `-- object-assign@4.1.1
116 silly currentTree +-- lodash@4.17.4
116 silly currentTree +-- longest@1.0.1
116 silly currentTree +-- loose-envify@1.3.1
116 silly currentTree +-- media-typer@0.3.0
116 silly currentTree +-- memory-fs@0.3.0
116 silly currentTree +-- merge-descriptors@1.0.1
116 silly currentTree +-- methods@1.1.2
116 silly currentTree +-- micromatch@2.3.11
116 silly currentTree +-- mime-db@1.26.0
116 silly currentTree +-- mime-types@2.1.14
116 silly currentTree +-- mime@1.3.4
116 silly currentTree +-- minimatch@3.0.3
116 silly currentTree +-- minimist@0.0.8
116 silly currentTree +-- mkdirp@0.5.1
116 silly currentTree +-- ms@0.7.2
116 silly currentTree +-- negotiator@0.6.1
116 silly currentTree +-- node-libs-browser@0.7.0
116 silly currentTree +-- normalize-path@2.0.1
116 silly currentTree +-- number-is-nan@1.0.1
116 silly currentTree +-- object-assign@2.1.1
116 silly currentTree +-- object.omit@2.0.1
116 silly currentTree +-- on-finished@2.3.0
116 silly currentTree +-- once@1.4.0
116 silly currentTree +-- optimist@0.6.1
116 silly currentTree +-- os-browserify@0.2.1
116 silly currentTree +-- os-homedir@1.0.2
116 silly currentTree +-- os-tmpdir@1.0.2
116 silly currentTree +-- pako@0.2.9
116 silly currentTree +-- parse-glob@3.0.4
116 silly currentTree +-- parseurl@1.3.1
116 silly currentTree +-- path-browserify@0.0.0
116 silly currentTree +-- path-exists@2.1.0
116 silly currentTree +-- path-is-absolute@1.0.1
116 silly currentTree +-- path-to-regexp@0.1.7
116 silly currentTree +-- pbkdf2-compat@2.0.1
116 silly currentTree +-- pinkie-promise@2.0.1
116 silly currentTree +-- pinkie@2.0.4
116 silly currentTree +-- pkg-dir@1.0.0
116 silly currentTree +-- preserve@0.2.0
116 silly currentTree +-- private@0.1.7
116 silly currentTree +-- process-nextick-args@1.0.7
116 silly currentTree +-- process@0.11.9
116 silly currentTree +-- promise@7.1.1
116 silly currentTree +-- proxy-addr@1.1.3
116 silly currentTree +-- prr@0.0.0
116 silly currentTree +-- punycode@1.4.1
116 silly currentTree +-- q@1.5.0
116 silly currentTree +-- qs@6.4.0
116 silly currentTree +-- query-string@3.0.3
116 silly currentTree +-- querystring-es3@0.2.1
116 silly currentTree +-- querystring@0.2.0
116 silly currentTree +-- randomatic@1.1.6
116 silly currentTree +-- range-parser@1.2.0
116 silly currentTree +-- react-dom@0.14.8
116 silly currentTree +-- react-router@2.0.0
116 silly currentTree +-- react@0.14.8
116 silly currentTree +-- readable-stream@2.2.6
116 silly currentTree +-- readdirp@2.1.0
116 silly currentTree +-- recast@0.11.23
116 silly currentTree | +-- esprima@3.1.3
116 silly currentTree | `-- source-map@0.5.6
116 silly currentTree +-- regenerate@1.3.2
116 silly currentTree +-- regenerator-runtime@0.10.3
116 silly currentTree +-- regenerator-transform@0.9.8
116 silly currentTree +-- regex-cache@0.4.3
116 silly currentTree +-- regexpu-core@2.0.0
116 silly currentTree +-- regjsgen@0.2.0
116 silly currentTree +-- regjsparser@0.1.5
116 silly currentTree | `-- jsesc@0.5.0
116 silly currentTree +-- repeat-element@1.1.2
116 silly currentTree +-- repeat-string@1.6.1
116 silly currentTree +-- repeating@2.0.1
116 silly currentTree +-- right-align@0.1.3
116 silly currentTree +-- ripemd160@0.2.0
116 silly currentTree +-- send@0.15.1
116 silly currentTree +-- serve-static@1.12.1
116 silly currentTree +-- set-immediate-shim@1.0.1
116 silly currentTree +-- setimmediate@1.0.5
116 silly currentTree +-- setprototypeof@1.0.3
116 silly currentTree +-- sha.js@2.2.6
116 silly currentTree +-- slash@1.0.0
116 silly currentTree +-- source-list-map@0.1.8
116 silly currentTree +-- source-map-support@0.4.14
116 silly currentTree | `-- source-map@0.5.6
116 silly currentTree +-- source-map@0.4.4
116 silly currentTree +-- statuses@1.3.1
116 silly currentTree +-- stream-browserify@2.0.1
116 silly currentTree +-- stream-http@2.6.3
116 silly currentTree +-- strict-uri-encode@1.1.0
116 silly currentTree +-- string_decoder@0.10.31
116 silly currentTree +-- strip-ansi@3.0.1
116 silly currentTree +-- supports-color@2.0.0
116 silly currentTree +-- tapable@0.1.10
116 silly currentTree +-- through@2.3.8
116 silly currentTree +-- timers-browserify@2.0.2
116 silly currentTree +-- to-arraybuffer@1.0.1
116 silly currentTree +-- to-fast-properties@1.0.2
116 silly currentTree +-- trim-right@1.0.1
116 silly currentTree +-- tty-browserify@0.0.0
116 silly currentTree +-- type-is@1.6.14
116 silly currentTree +-- ua-parser-js@0.7.12
116 silly currentTree +-- uglify-js@2.7.5
116 silly currentTree | +-- async@0.2.10
116 silly currentTree | `-- source-map@0.5.6
116 silly currentTree +-- uglify-to-browserify@1.0.2
116 silly currentTree +-- unpipe@1.0.0
116 silly currentTree +-- url@0.11.0
116 silly currentTree | `-- punycode@1.3.2
116 silly currentTree +-- util-deprecate@1.0.2
116 silly currentTree +-- util@0.10.3
116 silly currentTree | `-- inherits@2.0.1
116 silly currentTree +-- utils-merge@1.0.0
116 silly currentTree +-- vary@1.1.1
116 silly currentTree +-- vm-browserify@0.0.4
116 silly currentTree +-- warning@2.1.0
116 silly currentTree +-- watchpack@0.2.9
116 silly currentTree | `-- async@0.9.2
116 silly currentTree +-- webpack-core@0.6.9
116 silly currentTree +-- webpack@1.14.0
116 silly currentTree | +-- acorn@3.3.0
116 silly currentTree | `-- supports-color@3.2.3
116 silly currentTree +-- whatwg-fetch@0.9.0
116 silly currentTree +-- window-size@0.1.0
116 silly currentTree +-- wordwrap@0.0.3
116 silly currentTree +-- wrappy@1.0.2
116 silly currentTree +-- xtend@4.0.1
116 silly currentTree `-- yargs@3.10.0
117 silly idealTree boilerplate@1.0.0
117 silly idealTree +-- accepts@1.3.3
117 silly idealTree +-- acorn@4.0.11
117 silly idealTree +-- align-text@0.1.4
117 silly idealTree +-- amdefine@1.0.1
117 silly idealTree +-- ansi-regex@2.1.1
117 silly idealTree +-- ansi-styles@2.2.1
117 silly idealTree +-- anymatch@1.3.0
117 silly idealTree +-- arr-diff@2.0.0
117 silly idealTree +-- arr-flatten@1.0.1
117 silly idealTree +-- array-flatten@1.1.1
117 silly idealTree +-- array-unique@0.2.1
117 silly idealTree +-- arrify@1.0.1
117 silly idealTree +-- asap@2.0.5
117 silly idealTree +-- assert@1.4.1
117 silly idealTree +-- ast-types@0.9.6
117 silly idealTree +-- async-each@1.0.1
117 silly idealTree +-- async@1.5.2
117 silly idealTree +-- axios@0.15.3
117 silly idealTree +-- babel-code-frame@6.22.0
117 silly idealTree +-- babel-core@6.24.0
117 silly idealTree | `-- source-map@0.5.6
117 silly idealTree +-- babel-generator@6.24.0
117 silly idealTree | `-- source-map@0.5.6
117 silly idealTree +-- babel-helper-bindify-decorators@6.22.0
117 silly idealTree +-- babel-helper-builder-binary-assignment-operator-visitor@6.22.0
117 silly idealTree +-- babel-helper-builder-react-jsx@6.23.0
117 silly idealTree +-- babel-helper-call-delegate@6.22.0
117 silly idealTree +-- babel-helper-define-map@6.23.0
117 silly idealTree +-- babel-helper-explode-assignable-expression@6.22.0
117 silly idealTree +-- babel-helper-explode-class@6.22.0
117 silly idealTree +-- babel-helper-function-name@6.23.0
117 silly idealTree +-- babel-helper-get-function-arity@6.22.0
117 silly idealTree +-- babel-helper-hoist-variables@6.22.0
117 silly idealTree +-- babel-helper-optimise-call-expression@6.23.0
117 silly idealTree +-- babel-helper-regex@6.22.0
117 silly idealTree +-- babel-helper-remap-async-to-generator@6.22.0
117 silly idealTree +-- babel-helper-replace-supers@6.23.0
117 silly idealTree +-- babel-helpers@6.23.0
117 silly idealTree +-- babel-loader@6.4.1
117 silly idealTree | `-- object-assign@4.1.1
117 silly idealTree +-- babel-messages@6.23.0
117 silly idealTree +-- babel-plugin-check-es2015-constants@6.22.0
117 silly idealTree +-- babel-plugin-syntax-async-functions@6.13.0
117 silly idealTree +-- babel-plugin-syntax-async-generators@6.13.0
117 silly idealTree +-- babel-plugin-syntax-class-constructor-call@6.18.0
117 silly idealTree +-- babel-plugin-syntax-class-properties@6.13.0
117 silly idealTree +-- babel-plugin-syntax-decorators@6.13.0
117 silly idealTree +-- babel-plugin-syntax-do-expressions@6.13.0
117 silly idealTree +-- babel-plugin-syntax-dynamic-import@6.18.0
117 silly idealTree +-- babel-plugin-syntax-exponentiation-operator@6.13.0
117 silly idealTree +-- babel-plugin-syntax-export-extensions@6.13.0
117 silly idealTree +-- babel-plugin-syntax-flow@6.18.0
117 silly idealTree +-- babel-plugin-syntax-function-bind@6.13.0
117 silly idealTree +-- babel-plugin-syntax-jsx@6.18.0
117 silly idealTree +-- babel-plugin-syntax-object-rest-spread@6.13.0
117 silly idealTree +-- babel-plugin-syntax-trailing-function-commas@6.22.0
117 silly idealTree +-- babel-plugin-transform-async-generator-functions@6.22.0
117 silly idealTree +-- babel-plugin-transform-async-to-generator@6.22.0
117 silly idealTree +-- babel-plugin-transform-class-constructor-call@6.22.0
117 silly idealTree +-- babel-plugin-transform-class-properties@6.23.0
117 silly idealTree +-- babel-plugin-transform-decorators@6.22.0
117 silly idealTree +-- babel-plugin-transform-do-expressions@6.22.0
117 silly idealTree +-- babel-plugin-transform-es2015-arrow-functions@6.22.0
117 silly idealTree +-- babel-plugin-transform-es2015-block-scoped-functions@6.22.0
117 silly idealTree +-- babel-plugin-transform-es2015-block-scoping@6.23.0
117 silly idealTree +-- babel-plugin-transform-es2015-classes@6.23.0
117 silly idealTree +-- babel-plugin-transform-es2015-computed-properties@6.22.0
117 silly idealTree +-- babel-plugin-transform-es2015-destructuring@6.23.0
117 silly idealTree +-- babel-plugin-transform-es2015-duplicate-keys@6.22.0
117 silly idealTree +-- babel-plugin-transform-es2015-for-of@6.23.0
117 silly idealTree +-- babel-plugin-transform-es2015-function-name@6.22.0
117 silly idealTree +-- babel-plugin-transform-es2015-literals@6.22.0
117 silly idealTree +-- babel-plugin-transform-es2015-modules-amd@6.24.0
117 silly idealTree +-- babel-plugin-transform-es2015-modules-commonjs@6.24.0
117 silly idealTree +-- babel-plugin-transform-es2015-modules-systemjs@6.23.0
117 silly idealTree +-- babel-plugin-transform-es2015-modules-umd@6.24.0
117 silly idealTree +-- babel-plugin-transform-es2015-object-super@6.22.0
117 silly idealTree +-- babel-plugin-transform-es2015-parameters@6.23.0
117 silly idealTree +-- babel-plugin-transform-es2015-shorthand-properties@6.22.0
117 silly idealTree +-- babel-plugin-transform-es2015-spread@6.22.0
117 silly idealTree +-- babel-plugin-transform-es2015-sticky-regex@6.22.0
117 silly idealTree +-- babel-plugin-transform-es2015-template-literals@6.22.0
117 silly idealTree +-- babel-plugin-transform-es2015-typeof-symbol@6.23.0
117 silly idealTree +-- babel-plugin-transform-es2015-unicode-regex@6.22.0
117 silly idealTree +-- babel-plugin-transform-exponentiation-operator@6.22.0
117 silly idealTree +-- babel-plugin-transform-export-extensions@6.22.0
117 silly idealTree +-- babel-plugin-transform-flow-strip-types@6.22.0
117 silly idealTree +-- babel-plugin-transform-function-bind@6.22.0
117 silly idealTree +-- babel-plugin-transform-object-rest-spread@6.23.0
117 silly idealTree +-- babel-plugin-transform-react-display-name@6.23.0
117 silly idealTree +-- babel-plugin-transform-react-jsx-self@6.22.0
117 silly idealTree +-- babel-plugin-transform-react-jsx-source@6.22.0
117 silly idealTree +-- babel-plugin-transform-react-jsx@6.23.0
117 silly idealTree +-- babel-plugin-transform-regenerator@6.22.0
117 silly idealTree +-- babel-plugin-transform-strict-mode@6.22.0
117 silly idealTree +-- babel-preset-es2015@6.24.0
117 silly idealTree +-- babel-preset-flow@6.23.0
117 silly idealTree +-- babel-preset-react@6.23.0
117 silly idealTree +-- babel-preset-stage-0@6.22.0
117 silly idealTree +-- babel-preset-stage-1@6.22.0
117 silly idealTree +-- babel-preset-stage-2@6.22.0
117 silly idealTree +-- babel-preset-stage-3@6.22.0
117 silly idealTree +-- babel-register@6.24.0
117 silly idealTree | `-- core-js@2.4.1
117 silly idealTree +-- babel-runtime@6.23.0
117 silly idealTree | `-- core-js@2.4.1
117 silly idealTree +-- babel-template@6.23.0
117 silly idealTree +-- babel-traverse@6.23.1
117 silly idealTree +-- babel-types@6.23.0
117 silly idealTree +-- babylon@6.16.1
117 silly idealTree +-- balanced-match@0.4.2
117 silly idealTree +-- base62@1.1.2
117 silly idealTree +-- base64-js@1.2.0
117 silly idealTree +-- big.js@3.1.3
117 silly idealTree +-- binary-extensions@1.8.0
117 silly idealTree +-- brace-expansion@1.1.6
117 silly idealTree +-- braces@1.8.5
117 silly idealTree +-- browserify-aes@0.4.0
117 silly idealTree +-- browserify-zlib@0.1.4
117 silly idealTree +-- buffer-shims@1.0.0
117 silly idealTree +-- buffer@4.9.1
117 silly idealTree +-- builtin-status-codes@3.0.0
117 silly idealTree +-- camelcase@1.2.1
117 silly idealTree +-- center-align@0.1.3
117 silly idealTree +-- chalk@1.1.3
117 silly idealTree +-- chokidar@1.6.1
117 silly idealTree +-- cliui@2.1.0
117 silly idealTree | `-- wordwrap@0.0.2
117 silly idealTree +-- clone@1.0.2
117 silly idealTree +-- commander@2.9.0
117 silly idealTree +-- commondir@1.0.1
117 silly idealTree +-- commoner@0.10.8
117 silly idealTree +-- concat-map@0.0.1
117 silly idealTree +-- console-browserify@1.1.0
117 silly idealTree +-- constants-browserify@1.0.0
117 silly idealTree +-- content-disposition@0.5.2
117 silly idealTree +-- content-type@1.0.2
117 silly idealTree +-- convert-source-map@1.4.0
117 silly idealTree +-- cookie-signature@1.0.6
117 silly idealTree +-- cookie@0.3.1
117 silly idealTree +-- core-js@1.2.7
117 silly idealTree +-- core-util-is@1.0.2
117 silly idealTree +-- crypto-browserify@3.3.0
117 silly idealTree +-- date-now@0.1.4
117 silly idealTree +-- debug@2.6.1
117 silly idealTree +-- decamelize@1.2.0
117 silly idealTree +-- deep-equal@1.0.1
117 silly idealTree +-- defined@1.0.0
117 silly idealTree +-- depd@1.1.0
117 silly idealTree +-- destroy@1.0.4
117 silly idealTree +-- detect-indent@4.0.0
117 silly idealTree +-- detective@4.5.0
117 silly idealTree +-- domain-browser@1.1.7
117 silly idealTree +-- ee-first@1.1.1
117 silly idealTree +-- emojis-list@2.1.0
117 silly idealTree +-- encodeurl@1.0.1
117 silly idealTree +-- enhanced-resolve@0.9.1
117 silly idealTree | `-- memory-fs@0.2.0
117 silly idealTree +-- envify@3.4.1
117 silly idealTree +-- errno@0.1.4
117 silly idealTree +-- escape-html@1.0.3
117 silly idealTree +-- escape-string-regexp@1.0.5
117 silly idealTree +-- esprima-fb@15001.1.0-dev-harmony-fb
117 silly idealTree +-- esutils@2.0.2
117 silly idealTree +-- etag@1.8.0
117 silly idealTree +-- events@1.1.1
117 silly idealTree +-- expand-brackets@0.1.5
117 silly idealTree +-- expand-range@1.8.2
117 silly idealTree +-- express@4.15.2
117 silly idealTree +-- extglob@0.3.2
117 silly idealTree +-- fbjs@0.6.1
117 silly idealTree +-- filename-regex@2.0.0
117 silly idealTree +-- fill-range@2.2.3
117 silly idealTree +-- finalhandler@1.0.1
117 silly idealTree | `-- debug@2.6.3
117 silly idealTree +-- find-cache-dir@0.1.1
117 silly idealTree +-- find-up@1.1.2
117 silly idealTree +-- follow-redirects@1.0.0
117 silly idealTree +-- for-in@1.0.2
117 silly idealTree +-- for-own@0.1.5
117 silly idealTree +-- forwarded@0.1.0
117 silly idealTree +-- fresh@0.5.0
117 silly idealTree +-- glob-base@0.3.0
117 silly idealTree +-- glob-parent@2.0.0
117 silly idealTree +-- glob@5.0.15
117 silly idealTree +-- globals@9.16.0
117 silly idealTree +-- graceful-fs@4.1.11
117 silly idealTree +-- graceful-readlink@1.0.1
117 silly idealTree +-- has-ansi@2.0.0
117 silly idealTree +-- has-flag@1.0.0
117 silly idealTree +-- history@2.1.2
117 silly idealTree +-- home-or-tmp@2.0.0
117 silly idealTree +-- http-errors@1.6.1
117 silly idealTree +-- https-browserify@0.0.1
117 silly idealTree +-- iconv-lite@0.4.15
117 silly idealTree +-- ieee754@1.1.8
117 silly idealTree +-- indexof@0.0.1
117 silly idealTree +-- inflight@1.0.6
117 silly idealTree +-- inherits@2.0.3
117 silly idealTree +-- interpret@0.6.6
117 silly idealTree +-- invariant@2.2.2
117 silly idealTree +-- ipaddr.js@1.2.0
117 silly idealTree +-- is-binary-path@1.0.1
117 silly idealTree +-- is-buffer@1.1.5
117 silly idealTree +-- is-dotfile@1.0.2
117 silly idealTree +-- is-equal-shallow@0.1.3
117 silly idealTree +-- is-extendable@0.1.1
117 silly idealTree +-- is-extglob@1.0.0
117 silly idealTree +-- is-finite@1.0.2
117 silly idealTree +-- is-glob@2.0.1
117 silly idealTree +-- is-number@2.1.0
117 silly idealTree +-- is-posix-bracket@0.1.1
117 silly idealTree +-- is-primitive@2.0.0
117 silly idealTree +-- isarray@1.0.0
117 silly idealTree +-- isobject@2.1.0
117 silly idealTree +-- js-tokens@3.0.1
117 silly idealTree +-- jsesc@1.3.0
117 silly idealTree +-- json5@0.5.1
117 silly idealTree +-- jstransform@11.0.3
117 silly idealTree +-- kind-of@3.1.0
117 silly idealTree +-- lazy-cache@1.0.4
117 silly idealTree +-- loader-utils@0.2.17
117 silly idealTree | `-- object-assign@4.1.1
117 silly idealTree +-- lodash@4.17.4
117 silly idealTree +-- longest@1.0.1
117 silly idealTree +-- loose-envify@1.3.1
117 silly idealTree +-- media-typer@0.3.0
117 silly idealTree +-- memory-fs@0.3.0
117 silly idealTree +-- merge-descriptors@1.0.1
117 silly idealTree +-- methods@1.1.2
117 silly idealTree +-- micromatch@2.3.11
117 silly idealTree +-- mime-db@1.26.0
117 silly idealTree +-- mime-types@2.1.14
117 silly idealTree +-- mime@1.3.4
117 silly idealTree +-- minimatch@3.0.3
117 silly idealTree +-- minimist@0.0.8
117 silly idealTree +-- mkdirp@0.5.1
117 silly idealTree +-- ms@0.7.2
117 silly idealTree +-- negotiator@0.6.1
117 silly idealTree +-- node-libs-browser@0.7.0
117 silly idealTree +-- normalize-path@2.0.1
117 silly idealTree +-- number-is-nan@1.0.1
117 silly idealTree +-- object-assign@2.1.1
117 silly idealTree +-- object.omit@2.0.1
117 silly idealTree +-- on-finished@2.3.0
117 silly idealTree +-- once@1.4.0
117 silly idealTree +-- optimist@0.6.1
117 silly idealTree +-- os-browserify@0.2.1
117 silly idealTree +-- os-homedir@1.0.2
117 silly idealTree +-- os-tmpdir@1.0.2
117 silly idealTree +-- pako@0.2.9
117 silly idealTree +-- parse-glob@3.0.4
117 silly idealTree +-- parseurl@1.3.1
117 silly idealTree +-- path-browserify@0.0.0
117 silly idealTree +-- path-exists@2.1.0
117 silly idealTree +-- path-is-absolute@1.0.1
117 silly idealTree +-- path-to-regexp@0.1.7
117 silly idealTree +-- pbkdf2-compat@2.0.1
117 silly idealTree +-- pinkie-promise@2.0.1
117 silly idealTree +-- pinkie@2.0.4
117 silly idealTree +-- pkg-dir@1.0.0
117 silly idealTree +-- preserve@0.2.0
117 silly idealTree +-- private@0.1.7
117 silly idealTree +-- process-nextick-args@1.0.7
117 silly idealTree +-- process@0.11.9
117 silly idealTree +-- promise@7.1.1
117 silly idealTree +-- proxy-addr@1.1.3
117 silly idealTree +-- prr@0.0.0
117 silly idealTree +-- punycode@1.4.1
117 silly idealTree +-- q@1.5.0
117 silly idealTree +-- qs@6.4.0
117 silly idealTree +-- query-string@3.0.3
117 silly idealTree +-- querystring-es3@0.2.1
117 silly idealTree +-- querystring@0.2.0
117 silly idealTree +-- randomatic@1.1.6
117 silly idealTree +-- range-parser@1.2.0
117 silly idealTree +-- react-dom@0.14.8
117 silly idealTree +-- react-router@2.0.0
117 silly idealTree +-- react@0.14.8
117 silly idealTree +-- readable-stream@2.2.6
117 silly idealTree +-- readdirp@2.1.0
117 silly idealTree +-- recast@0.11.23
117 silly idealTree | +-- esprima@3.1.3
117 silly idealTree | `-- source-map@0.5.6
117 silly idealTree +-- regenerate@1.3.2
117 silly idealTree +-- regenerator-runtime@0.10.3
117 silly idealTree +-- regenerator-transform@0.9.8
117 silly idealTree +-- regex-cache@0.4.3
117 silly idealTree +-- regexpu-core@2.0.0
117 silly idealTree +-- regjsgen@0.2.0
117 silly idealTree +-- regjsparser@0.1.5
117 silly idealTree | `-- jsesc@0.5.0
117 silly idealTree +-- repeat-element@1.1.2
117 silly idealTree +-- repeat-string@1.6.1
117 silly idealTree +-- repeating@2.0.1
117 silly idealTree +-- right-align@0.1.3
117 silly idealTree +-- ripemd160@0.2.0
117 silly idealTree +-- send@0.15.1
117 silly idealTree +-- serve-static@1.12.1
117 silly idealTree +-- set-immediate-shim@1.0.1
117 silly idealTree +-- setimmediate@1.0.5
117 silly idealTree +-- setprototypeof@1.0.3
117 silly idealTree +-- sha.js@2.2.6
117 silly idealTree +-- slash@1.0.0
117 silly idealTree +-- source-list-map@0.1.8
117 silly idealTree +-- source-map-support@0.4.14
117 silly idealTree | `-- source-map@0.5.6
117 silly idealTree +-- source-map@0.4.4
117 silly idealTree +-- statuses@1.3.1
117 silly idealTree +-- stream-browserify@2.0.1
117 silly idealTree +-- stream-http@2.6.3
117 silly idealTree +-- strict-uri-encode@1.1.0
117 silly idealTree +-- string_decoder@0.10.31
117 silly idealTree +-- strip-ansi@3.0.1
117 silly idealTree +-- supports-color@2.0.0
117 silly idealTree +-- tapable@0.1.10
117 silly idealTree +-- through@2.3.8
117 silly idealTree +-- timers-browserify@2.0.2
117 silly idealTree +-- to-arraybuffer@1.0.1
117 silly idealTree +-- to-fast-properties@1.0.2
117 silly idealTree +-- trim-right@1.0.1
117 silly idealTree +-- tty-browserify@0.0.0
117 silly idealTree +-- type-is@1.6.14
117 silly idealTree +-- ua-parser-js@0.7.12
117 silly idealTree +-- uglify-js@2.7.5
117 silly idealTree | +-- async@0.2.10
117 silly idealTree | `-- source-map@0.5.6
117 silly idealTree +-- uglify-to-browserify@1.0.2
117 silly idealTree +-- unpipe@1.0.0
117 silly idealTree +-- url@0.11.0
117 silly idealTree | `-- punycode@1.3.2
117 silly idealTree +-- util-deprecate@1.0.2
117 silly idealTree +-- util@0.10.3
117 silly idealTree | `-- inherits@2.0.1
117 silly idealTree +-- utils-merge@1.0.0
117 silly idealTree +-- vary@1.1.1
117 silly idealTree +-- vm-browserify@0.0.4
117 silly idealTree +-- warning@2.1.0
117 silly idealTree +-- watchpack@0.2.9
117 silly idealTree | `-- async@0.9.2
117 silly idealTree +-- webpack-core@0.6.9
117 silly idealTree +-- webpack@1.14.0
117 silly idealTree | +-- acorn@3.3.0
117 silly idealTree | `-- supports-color@3.2.3
117 silly idealTree +-- whatwg-fetch@0.9.0
117 silly idealTree +-- window-size@0.1.0
117 silly idealTree +-- wordwrap@0.0.3
117 silly idealTree +-- wrappy@1.0.2
117 silly idealTree +-- xtend@4.0.1
117 silly idealTree `-- yargs@3.10.0
118 silly generateActionsToTake Starting
119 silly install generateActionsToTake
120 silly generateActionsToTake Finishing
121 silly diffTrees action count 2
122 silly diffTrees add follow-redirects@1.0.0
123 silly diffTrees add axios@0.15.3
124 silly decomposeActions action count 16
125 silly decomposeActions fetch follow-redirects@1.0.0
126 silly decomposeActions extract follow-redirects@1.0.0
127 silly decomposeActions test follow-redirects@1.0.0
128 silly decomposeActions preinstall follow-redirects@1.0.0
129 silly decomposeActions build follow-redirects@1.0.0
130 silly decomposeActions install follow-redirects@1.0.0
131 silly decomposeActions postinstall follow-redirects@1.0.0
132 silly decomposeActions finalize follow-redirects@1.0.0
133 silly decomposeActions fetch axios@0.15.3
134 silly decomposeActions extract axios@0.15.3
135 silly decomposeActions test axios@0.15.3
136 silly decomposeActions preinstall axios@0.15.3
137 silly decomposeActions build axios@0.15.3
138 silly decomposeActions install axios@0.15.3
139 silly decomposeActions postinstall axios@0.15.3
140 silly decomposeActions finalize axios@0.15.3
141 silly runTopLevelLifecycles Starting
142 silly executeActions Starting
143 silly install executeActions
144 silly doSerial global-install 0
145 silly doParallel fetch 2
146 verbose correctMkdir C:\Users\Warren\AppData\Roaming\npm-cache\_locks correctMkdir not in flight; initializing
147 verbose lock using C:\Users\Warren\AppData\Roaming\npm-cache\_locks\staging-935883c07ab718eb.lock for C:\Users\Warren\Desktop\ReactWeather\node_modules\.staging
148 silly doParallel extract 2
149 silly extract follow-redirects@1.0.0
150 silly extract axios@0.15.3
151 verbose unbuild node_modules\.staging\follow-redirects-b4e6a882
152 verbose unbuild node_modules\.staging\axios-74e7dd0c
153 silly gentlyRm C:\Users\Warren\Desktop\ReactWeather\node_modules\.staging\follow-redirects-b4e6a882 is being purged from base C:\Users\Warren\Desktop\ReactWeather
154 verbose gentlyRm don't care about contents; nuking C:\Users\Warren\Desktop\ReactWeather\node_modules\.staging\follow-redirects-b4e6a882
155 verbose tar unpack C:\Users\Warren\AppData\Roaming\npm-cache\follow-redirects\1.0.0\package.tgz
156 verbose tar unpacking to C:\Users\Warren\Desktop\ReactWeather\node_modules\.staging\follow-redirects-b4e6a882
157 silly gentlyRm C:\Users\Warren\Desktop\ReactWeather\node_modules\.staging\follow-redirects-b4e6a882 is being purged
158 verbose gentlyRm don't care about contents; nuking C:\Users\Warren\Desktop\ReactWeather\node_modules\.staging\follow-redirects-b4e6a882
159 silly gentlyRm C:\Users\Warren\Desktop\ReactWeather\node_modules\.staging\axios-74e7dd0c is being purged from base C:\Users\Warren\Desktop\ReactWeather
160 verbose gentlyRm don't care about contents; nuking C:\Users\Warren\Desktop\ReactWeather\node_modules\.staging\axios-74e7dd0c
161 silly gunzTarPerm modes [ '777', '666' ]
162 verbose tar unpack C:\Users\Warren\AppData\Roaming\npm-cache\axios\0.15.3\package.tgz
163 verbose tar unpacking to C:\Users\Warren\Desktop\ReactWeather\node_modules\.staging\axios-74e7dd0c
164 silly gentlyRm C:\Users\Warren\Desktop\ReactWeather\node_modules\.staging\axios-74e7dd0c is being purged
165 verbose gentlyRm don't care about contents; nuking C:\Users\Warren\Desktop\ReactWeather\node_modules\.staging\axios-74e7dd0c
166 silly gunzTarPerm modes [ '777', '666' ]
167 silly gunzTarPerm extractEntry package.json
168 silly gunzTarPerm modified mode [ 'package.json', 420, 438 ]
169 silly gunzTarPerm extractEntry package.json
170 silly gunzTarPerm modified mode [ 'package.json', 420, 438 ]
171 silly gunzTarPerm extractEntry README.md
172 silly gunzTarPerm modified mode [ 'README.md', 420, 438 ]
173 silly gunzTarPerm extractEntry http.js
174 silly gunzTarPerm modified mode [ 'http.js', 420, 438 ]
175 silly gunzTarPerm extractEntry README.md
176 silly gunzTarPerm modified mode [ 'README.md', 420, 438 ]
177 silly gunzTarPerm extractEntry LICENSE
178 silly gunzTarPerm modified mode [ 'LICENSE', 420, 438 ]
179 silly gunzTarPerm extractEntry https.js
180 silly gunzTarPerm modified mode [ 'https.js', 420, 438 ]
181 silly gunzTarPerm extractEntry index.js
182 silly gunzTarPerm modified mode [ 'index.js', 420, 438 ]
183 silly gunzTarPerm extractEntry index.js
184 silly gunzTarPerm modified mode [ 'index.js', 420, 438 ]
185 silly gunzTarPerm extractEntry UPGRADE_GUIDE.md
186 silly gunzTarPerm modified mode [ 'UPGRADE_GUIDE.md', 420, 438 ]
187 silly gunzTarPerm extractEntry dist/axios.js
188 silly gunzTarPerm modified mode [ 'dist/axios.js', 420, 438 ]
189 silly gunzTarPerm extractEntry dist/axios.min.js
190 silly gunzTarPerm modified mode [ 'dist/axios.min.js', 420, 438 ]
191 silly gunzTarPerm extractEntry dist/axios.map
192 silly gunzTarPerm modified mode [ 'dist/axios.map', 420, 438 ]
193 silly gunzTarPerm extractEntry dist/axios.min.map
194 silly gunzTarPerm modified mode [ 'dist/axios.min.map', 420, 438 ]
195 silly gunzTarPerm extractEntry index.d.ts
196 silly gunzTarPerm modified mode [ 'index.d.ts', 420, 438 ]
197 silly gentlyRm C:\Users\Warren\Desktop\ReactWeather\node_modules\.staging\follow-redirects-b4e6a882\node_modules is being purged
198 verbose gentlyRm don't care about contents; nuking C:\Users\Warren\Desktop\ReactWeather\node_modules\.staging\follow-redirects-b4e6a882\node_modules
199 silly gunzTarPerm extractEntry CHANGELOG.md
200 silly gunzTarPerm modified mode [ 'CHANGELOG.md', 420, 438 ]
201 silly gunzTarPerm extractEntry lib/axios.js
202 silly gunzTarPerm modified mode [ 'lib/axios.js', 420, 438 ]
203 silly gunzTarPerm extractEntry lib/defaults.js
204 silly gunzTarPerm modified mode [ 'lib/defaults.js', 420, 438 ]
205 silly gunzTarPerm extractEntry lib/utils.js
206 silly gunzTarPerm modified mode [ 'lib/utils.js', 420, 438 ]
207 silly gunzTarPerm extractEntry lib/adapters/README.md
208 silly gunzTarPerm modified mode [ 'lib/adapters/README.md', 420, 438 ]
209 silly gunzTarPerm extractEntry lib/adapters/http.js
210 silly gunzTarPerm modified mode [ 'lib/adapters/http.js', 420, 438 ]
211 silly gunzTarPerm extractEntry lib/adapters/xhr.js
212 silly gunzTarPerm modified mode [ 'lib/adapters/xhr.js', 420, 438 ]
213 silly gunzTarPerm extractEntry lib/cancel/Cancel.js
214 silly gunzTarPerm modified mode [ 'lib/cancel/Cancel.js', 420, 438 ]
215 silly gunzTarPerm extractEntry lib/cancel/CancelToken.js
216 silly gunzTarPerm modified mode [ 'lib/cancel/CancelToken.js', 420, 438 ]
217 silly gunzTarPerm extractEntry lib/cancel/isCancel.js
218 silly gunzTarPerm modified mode [ 'lib/cancel/isCancel.js', 420, 438 ]
219 silly gunzTarPerm extractEntry lib/core/README.md
220 silly gunzTarPerm modified mode [ 'lib/core/README.md', 420, 438 ]
221 silly gunzTarPerm extractEntry lib/core/Axios.js
222 silly gunzTarPerm modified mode [ 'lib/core/Axios.js', 420, 438 ]
223 silly gunzTarPerm extractEntry lib/core/InterceptorManager.js
224 silly gunzTarPerm modified mode [ 'lib/core/InterceptorManager.js', 420, 438 ]
225 silly gunzTarPerm extractEntry lib/core/createError.js
226 silly gunzTarPerm modified mode [ 'lib/core/createError.js', 420, 438 ]
227 silly gunzTarPerm extractEntry lib/core/dispatchRequest.js
228 silly gunzTarPerm modified mode [ 'lib/core/dispatchRequest.js', 420, 438 ]
229 silly gunzTarPerm extractEntry lib/core/enhanceError.js
230 silly gunzTarPerm modified mode [ 'lib/core/enhanceError.js', 420, 438 ]
231 silly gunzTarPerm extractEntry lib/core/settle.js
232 silly gunzTarPerm modified mode [ 'lib/core/settle.js', 420, 438 ]
233 silly gunzTarPerm extractEntry lib/core/transformData.js
234 silly gunzTarPerm modified mode [ 'lib/core/transformData.js', 420, 438 ]
235 silly gunzTarPerm extractEntry lib/helpers/README.md
236 silly gunzTarPerm modified mode [ 'lib/helpers/README.md', 420, 438 ]
237 silly gunzTarPerm extractEntry lib/helpers/btoa.js
238 silly gunzTarPerm modified mode [ 'lib/helpers/btoa.js', 420, 438 ]
239 silly gunzTarPerm extractEntry lib/helpers/buildURL.js
240 silly gunzTarPerm modified mode [ 'lib/helpers/buildURL.js', 420, 438 ]
241 silly gunzTarPerm extractEntry lib/helpers/combineURLs.js
242 silly gunzTarPerm modified mode [ 'lib/helpers/combineURLs.js', 420, 438 ]
243 silly gunzTarPerm extractEntry lib/helpers/cookies.js
244 silly gunzTarPerm modified mode [ 'lib/helpers/cookies.js', 420, 438 ]
245 silly gunzTarPerm extractEntry lib/helpers/bind.js
246 silly gunzTarPerm modified mode [ 'lib/helpers/bind.js', 420, 438 ]
247 silly gunzTarPerm extractEntry lib/helpers/isAbsoluteURL.js
248 silly gunzTarPerm modified mode [ 'lib/helpers/isAbsoluteURL.js', 420, 438 ]
249 silly gunzTarPerm extractEntry lib/helpers/isURLSameOrigin.js
250 silly gunzTarPerm modified mode [ 'lib/helpers/isURLSameOrigin.js', 420, 438 ]
251 silly gunzTarPerm extractEntry lib/helpers/normalizeHeaderName.js
252 silly gunzTarPerm modified mode [ 'lib/helpers/normalizeHeaderName.js', 420, 438 ]
253 silly gunzTarPerm extractEntry lib/helpers/parseHeaders.js
254 silly gunzTarPerm modified mode [ 'lib/helpers/parseHeaders.js', 420, 438 ]
255 silly gunzTarPerm extractEntry lib/helpers/spread.js
256 silly gunzTarPerm modified mode [ 'lib/helpers/spread.js', 420, 438 ]
257 silly gunzTarPerm extractEntry lib/helpers/deprecatedMethod.js
258 silly gunzTarPerm modified mode [ 'lib/helpers/deprecatedMethod.js', 420, 438 ]
259 silly gunzTarPerm extractEntry typings.json
260 silly gunzTarPerm modified mode [ 'typings.json', 420, 438 ]
261 silly gentlyRm C:\Users\Warren\Desktop\ReactWeather\node_modules\.staging\axios-74e7dd0c\node_modules is being purged
262 verbose gentlyRm don't care about contents; nuking C:\Users\Warren\Desktop\ReactWeather\node_modules\.staging\axios-74e7dd0c\node_modules
263 silly doParallel preinstall 2
264 silly preinstall follow-redirects@1.0.0 C:\Users\Warren\Desktop\ReactWeather\node_modules\.staging\follow-redirects-b4e6a882
265 info lifecycle follow-redirects@1.0.0~preinstall: follow-redirects@1.0.0
266 silly preinstall axios@0.15.3 C:\Users\Warren\Desktop\ReactWeather\node_modules\.staging\axios-74e7dd0c
267 info lifecycle axios@0.15.3~preinstall: axios@0.15.3
268 silly lifecycle follow-redirects@1.0.0~preinstall: no script for preinstall, continuing
269 silly lifecycle axios@0.15.3~preinstall: no script for preinstall, continuing
270 silly doReverseSerial remove 0
271 silly doSerial move 0
272 silly doSerial finalize 2
273 silly finalize C:\Users\Warren\Desktop\ReactWeather\node_modules\follow-redirects
274 silly finalize C:\Users\Warren\Desktop\ReactWeather\node_modules\axios
275 verbose unlock done using C:\Users\Warren\AppData\Roaming\npm-cache\_locks\staging-935883c07ab718eb.lock for C:\Users\Warren\Desktop\ReactWeather\node_modules\.staging
276 silly rollbackFailedOptional Starting
277 silly rollbackFailedOptional Finishing
278 silly runTopLevelLifecycles Finishing
279 silly install printInstalled
280 warn optional SKIPPING OPTIONAL DEPENDENCY: fsevents@^1.0.0 (node_modules\chokidar\node_modules\fsevents):
281 warn notsup SKIPPING OPTIONAL DEPENDENCY: Unsupported platform for fsevents@1.1.1: wanted {"os":"darwin","arch":"any"} (current: {"os":"win32","arch":"x64"})
282 verbose notsup SKIPPING OPTIONAL DEPENDENCY: Valid OS:    darwin
282 verbose notsup SKIPPING OPTIONAL DEPENDENCY: Valid Arch:  any
282 verbose notsup SKIPPING OPTIONAL DEPENDENCY: Actual OS:   win32
282 verbose notsup SKIPPING OPTIONAL DEPENDENCY: Actual Arch: x64
283 warn boilerplate@1.0.0 No repository field.
284 verbose If you need help, you may report this error at:
284 verbose     <https://github.com/npm/npm/issues>
285 verbose stack Error: EPERM: operation not permitted, rename 'C:\Users\Warren\Desktop\ReactWeather\node_modules\.staging\axios-74e7dd0c' -> 'C:\Users\Warren\Desktop\ReactWeather\node_modules\axios'
285 verbose stack     at destStatted (C:\Program Files\nodejs\node_modules\npm\lib\install\action\finalize.js:25:7)
285 verbose stack     at C:\Program Files\nodejs\node_modules\npm\node_modules\graceful-fs\polyfills.js:264:29
285 verbose stack     at FSReqWrap.oncomplete (fs.js:123:15)
285 verbose stack
285 verbose stack Error: EPERM: operation not permitted, rename 'C:\Users\Warren\Desktop\ReactWeather\node_modules\.staging\axios-74e7dd0c' -> 'C:\Users\Warren\Desktop\ReactWeather\node_modules\axios'
285 verbose stack     at Error (native)
286 verbose cwd C:\Users\Warren\Desktop\ReactWeather
287 error Windows_NT 10.0.14393
288 error argv "C:\\Program Files\\nodejs\\node.exe" "C:\\Program Files\\nodejs\\node_modules\\npm\\bin\\npm-cli.js" "install" "axios"
289 error node v6.10.0
290 error npm  v3.10.10
291 error path C:\Users\Warren\Desktop\ReactWeather\node_modules\.staging\axios-74e7dd0c
292 error code EPERM
293 error errno -4048
294 error syscall rename
295 error Error: EPERM: operation not permitted, rename 'C:\Users\Warren\Desktop\ReactWeather\node_modules\.staging\axios-74e7dd0c' -> 'C:\Users\Warren\Desktop\ReactWeather\node_modules\axios'
295 error     at destStatted (C:\Program Files\nodejs\node_modules\npm\lib\install\action\finalize.js:25:7)
295 error     at C:\Program Files\nodejs\node_modules\npm\node_modules\graceful-fs\polyfills.js:264:29
295 error     at FSReqWrap.oncomplete (fs.js:123:15)
295 error
295 error Error: EPERM: operation not permitted, rename 'C:\Users\Warren\Desktop\ReactWeather\node_modules\.staging\axios-74e7dd0c' -> 'C:\Users\Warren\Desktop\ReactWeather\node_modules\axios'
295 error     at Error (native)
295 error  { Error: EPERM: operation not permitted, rename 'C:\Users\Warren\Desktop\ReactWeather\node_modules\.staging\axios-74e7dd0c' -> 'C:\Users\Warren\Desktop\ReactWeather\node_modules\axios'
295 error     at destStatted (C:\Program Files\nodejs\node_modules\npm\lib\install\action\finalize.js:25:7)
295 error     at C:\Program Files\nodejs\node_modules\npm\node_modules\graceful-fs\polyfills.js:264:29
295 error     at FSReqWrap.oncomplete (fs.js:123:15)
295 error
295 error Error: EPERM: operation not permitted, rename 'C:\Users\Warren\Desktop\ReactWeather\node_modules\.staging\axios-74e7dd0c' -> 'C:\Users\Warren\Desktop\ReactWeather\node_modules\axios'
295 error     at Error (native) parent: 'boilerplate' }
296 error Please try running this command again as root/Administrator.
297 verbose exit [ -4048, true ]
